
> store-web@0.1.0 build
> next build

▲ Next.js 16.2.6 (Turbopack)
- Environments: .env.local

  Creating an optimized production build ...

> Build error occurred
Error: Turbopack build failed with 2 errors:
./components/admin/AdminProductClient.tsx:5:24
Export getProductImageSrc doesn't exist in target module
  [90m3 |[0m ...
  [90m4 |[0m ...[36me[0m [33mReactNode[0m } [36mfrom[0m [32m"react"[0m;
[31m[1m>[0m [90m5 |[0m ...
  [90m  |[0m    [31m[1m^[0m
[31m[1m>[0m [90m6 |[0m ...eSrc, getProducts, normalizeProductApiError, [33mProductDto[0m, updateProduct, validateProductI...
  [90m  |[0m    [31m[1m^^^^^^^^^^^^^^^^^^^^^^^^^^^^^^^^^^^^^^^^^^^^^^^^^^^^^^^^^^^^^^^^^^^^^^^^^^^^^^^^^^^^^^^^^^^[0m
  [90m7 |[0m ...[32m/categories"[0m;
  [90m8 |[0m ...
  [90m9 |[0m ... [32m"Nắp"[0m, [32m"Phụ kiện"[0m];

The export getProductImageSrc was not found in module [project]/lib/api/products.ts [app-client] (ecmascript).
Did you mean to import getProduct?
All exports of the module are statically known (It doesn't have dynamic exports). So it's known statically that the requested export doesn't exist.

Import trace:
  Server Component:
    ./components/admin/AdminProductClient.tsx
    ./app/admin/product/page.tsx


./components/admin/AdminProductClient.tsx:5:24
Export getProductImageSrc doesn't exist in target module
  [90m3 |[0m ...
  [90m4 |[0m ...[36me[0m [33mReactNode[0m } [36mfrom[0m [32m"react"[0m;
[31m[1m>[0m [90m5 |[0m ...
  [90m  |[0m    [31m[1m^[0m
[31m[1m>[0m [90m6 |[0m ...eSrc, getProducts, normalizeProductApiError, [33mProductDto[0m, updateProduct, validateProductI...
  [90m  |[0m    [31m[1m^^^^^^^^^^^^^^^^^^^^^^^^^^^^^^^^^^^^^^^^^^^^^^^^^^^^^^^^^^^^^^^^^^^^^^^^^^^^^^^^^^^^^^^^^^^[0m
  [90m7 |[0m ...[32m/categories"[0m;
  [90m8 |[0m ...
  [90m9 |[0m ... [32m"Nắp"[0m, [32m"Phụ kiện"[0m];

The export getProductImageSrc was not found in module [project]/lib/api/products.ts [app-ssr] (ecmascript).
Did you mean to import getProduct?
All exports of the module are statically known (It doesn't have dynamic exports). So it's known statically that the requested export doesn't exist.

Import trace:
  Server Component:
    ./components/admin/AdminProductClient.tsx
    ./app/admin/product/page.tsx


    at <unknown> (./components/admin/AdminProductClient.tsx:5:24)
    at <unknown> (./components/admin/AdminProductClient.tsx:5:24)
